# JRE version: OpenJDK Runtime Environment Corretto-11.0.15.9.1 (11.0.15+9) (build 11.0.15+9-LTS)
# Java VM: OpenJDK 64-Bit Server VM Corretto-11.0.15.9.1 (11.0.15+9-LTS, mixed mode, tiered, compressed oops, g1 gc, windows-amd64)
Heap:
 garbage-first heap   total 157696K, used 98737K [0x00000000a1c00000, 0x0000000100000000)
  region size 1024K, 4 young (4096K), 2 survivors (2048K)
 Metaspace       used 34699K, capacity 36114K, committed 36352K, reserved 1081344K
  class space    used 4190K, capacity 4773K, committed 4864K, reserved 1048576K
GC Heap History (18 events):
Event: 0.920 GC heap before
{Heap before GC invocations=0 (full 0):
 garbage-first heap   total 98304K, used 31744K [0x00000000a1c00000, 0x0000000100000000)
  region size 1024K, 24 young (24576K), 0 survivors (0K)
 Metaspace       used 8802K, capacity 8929K, committed 9088K, reserved 1056768K
  class space    used 782K, capacity 823K, committed 896K, reserved 1048576K
}
Event: 0.925 GC heap after
{Heap after GC invocations=1 (full 0):
 garbage-first heap   total 98304K, used 1977K [0x00000000a1c00000, 0x0000000100000000)
  region size 1024K, 2 young (2048K), 2 survivors (2048K)
 Metaspace       used 8802K, capacity 8929K, committed 9088K, reserved 1056768K
  class space    used 782K, capacity 823K, committed 896K, reserved 1048576K
}
Event: 2.439 GC heap before
{Heap before GC invocations=1 (full 0):
 garbage-first heap   total 98304K, used 51129K [0x00000000a1c00000, 0x0000000100000000)
  region size 1024K, 45 young (46080K), 2 survivors (2048K)
 Metaspace       used 20598K, capacity 21181K, committed 21248K, reserved 1069056K
  class space    used 2274K, capacity 2517K, committed 2560K, reserved 1048576K
}
Event: 2.454 GC heap after
{Heap after GC invocations=2 (full 0):
 garbage-first heap   total 98304K, used 15725K [0x00000000a1c00000, 0x0000000100000000)
  region size 1024K, 8 young (8192K), 8 survivors (8192K)
 Metaspace       used 20598K, capacity 21181K, committed 21248K, reserved 1069056K
  class space    used 2274K, capacity 2517K, committed 2560K, reserved 1048576K
}
Event: 2.584 GC heap before
{Heap before GC invocations=3 (full 0):
 garbage-first heap   total 98304K, used 19821K [0x00000000a1c00000, 0x0000000100000000)
  region size 1024K, 12 young (12288K), 8 survivors (8192K)
 Metaspace       used 21503K, capacity 22095K, committed 22144K, reserved 1069056K
  class space    used 2438K, capacity 2672K, committed 2688K, reserved 1048576K
}
Event: 2.593 GC heap after
{Heap after GC invocations=4 (full 0):
 garbage-first heap   total 98304K, used 16693K [0x00000000a1c00000, 0x0000000100000000)
  region size 1024K, 1 young (1024K), 1 survivors (1024K)
 Metaspace       used 21503K, capacity 22095K, committed 22144K, reserved 1069056K
  class space    used 2438K, capacity 2672K, committed 2688K, reserved 1048576K
}
Event: 11.782 GC heap before
{Heap before GC invocations=4 (full 0):
 garbage-first heap   total 98304K, used 54581K [0x00000000a1c00000, 0x0000000100000000)
  region size 1024K, 32 young (32768K), 1 survivors (1024K)
 Metaspace       used 28490K, capacity 29416K, committed 29696K, reserved 1075200K
  class space    used 3408K, capacity 3807K, committed 3840K, reserved 1048576K
}
Event: 11.793 GC heap after
{Heap after GC invocations=5 (full 0):
 garbage-first heap   total 98304K, used 26734K [0x00000000a1c00000, 0x0000000100000000)
  region size 1024K, 4 young (4096K), 4 survivors (4096K)
 Metaspace       used 28490K, capacity 29416K, committed 29696K, reserved 1075200K
  class space    used 3408K, capacity 3807K, committed 3840K, reserved 1048576K
}
Event: 12.591 GC heap before
{Heap before GC invocations=5 (full 0):
 garbage-first heap   total 98304K, used 47214K [0x00000000a1c00000, 0x0000000100000000)
  region size 1024K, 23 young (23552K), 4 survivors (4096K)
 Metaspace       used 30750K, capacity 31748K, committed 31872K, reserved 1077248K
  class space    used 3685K, capacity 4112K, committed 4224K, reserved 1048576K
}
Event: 12.602 GC heap after
{Heap after GC invocations=6 (full 0):
 garbage-first heap   total 98304K, used 26563K [0x00000000a1c00000, 0x0000000100000000)
  region size 1024K, 3 young (3072K), 3 survivors (3072K)
 Metaspace       used 30750K, capacity 31748K, committed 31872K, reserved 1077248K
  class space    used 3685K, capacity 4112K, committed 4224K, reserved 1048576K
}
Event: 12.992 GC heap before
{Heap before GC invocations=7 (full 0):
 garbage-first heap   total 157696K, used 84931K [0x00000000a1c00000, 0x0000000100000000)
  region size 1024K, 4 young (4096K), 3 survivors (3072K)
 Metaspace       used 30758K, capacity 31760K, committed 31872K, reserved 1077248K
  class space    used 3686K, capacity 4114K, committed 4224K, reserved 1048576K
}
Event: 12.998 GC heap after
{Heap after GC invocations=8 (full 0):
 garbage-first heap   total 157696K, used 85072K [0x00000000a1c00000, 0x0000000100000000)
  region size 1024K, 3 young (3072K), 3 survivors (3072K)
 Metaspace       used 30758K, capacity 31760K, committed 31872K, reserved 1077248K
  class space    used 3686K, capacity 4114K, committed 4224K, reserved 1048576K
}
Event: 14.569 GC heap before
{Heap before GC invocations=9 (full 0):
 garbage-first heap   total 157696K, used 88144K [0x00000000a1c00000, 0x0000000100000000)
  region size 1024K, 7 young (7168K), 3 survivors (3072K)
 Metaspace       used 31276K, capacity 32355K, committed 32640K, reserved 1077248K
  class space    used 3712K, capacity 4148K, committed 4224K, reserved 1048576K
}
Event: 14.577 GC heap after
{Heap after GC invocations=10 (full 0):
 garbage-first heap   total 157696K, used 86911K [0x00000000a1c00000, 0x0000000100000000)
  region size 1024K, 2 young (2048K), 2 survivors (2048K)
 Metaspace       used 31276K, capacity 32355K, committed 32640K, reserved 1077248K
  class space    used 3712K, capacity 4148K, committed 4224K, reserved 1048576K
}
Event: 18.639 GC heap before
{Heap before GC invocations=11 (full 0):
 garbage-first heap   total 157696K, used 116607K [0x00000000a1c00000, 0x0000000100000000)
  region size 1024K, 29 young (29696K), 2 survivors (2048K)
 Metaspace       used 34580K, capacity 36043K, committed 36352K, reserved 1081344K
  class space    used 4186K, capacity 4771K, committed 4864K, reserved 1048576K
}
Event: 18.649 GC heap after
{Heap after GC invocations=12 (full 0):
 garbage-first heap   total 157696K, used 96034K [0x00000000a1c00000, 0x0000000100000000)
  region size 1024K, 4 young (4096K), 4 survivors (4096K)
 Metaspace       used 34580K, capacity 36043K, committed 36352K, reserved 1081344K
  class space    used 4186K, capacity 4771K, committed 4864K, reserved 1048576K
}
Event: 18.827 GC heap before
{Heap before GC invocations=12 (full 0):
 garbage-first heap   total 157696K, used 98082K [0x00000000a1c00000, 0x0000000100000000)
  region size 1024K, 8 young (8192K), 4 survivors (4096K)
 Metaspace       used 34654K, capacity 36108K, committed 36352K, reserved 1081344K
  class space    used 4186K, capacity 4771K, committed 4864K, reserved 1048576K
}
Event: 18.845 GC heap after
{Heap after GC invocations=13 (full 0):
 garbage-first heap   total 157696K, used 97713K [0x00000000a1c00000, 0x0000000100000000)
  region size 1024K, 2 young (2048K), 2 survivors (2048K)
 Metaspace       used 34654K, capacity 36108K, committed 36352K, reserved 1081344K
  class space    used 4186K, capacity 4771K, committed 4864K, reserved 1048576K
}

