# JRE version: Java(TM) SE Runtime Environment (11.0+28) (build 11+28)
# Java VM: Java HotSpot(TM) 64-Bit Server VM (11+28, mixed mode, tiered, compressed oops, g1 gc, windows-amd64)
Heap:
 garbage-first heap   total 157696K, used 103779K [0x0000000081400000, 0x0000000100000000)
  region size 1024K, 5 young (5120K), 3 survivors (3072K)
 Metaspace       used 34542K, capacity 35968K, committed 36220K, reserved 1081344K
  class space    used 4302K, capacity 4897K, committed 4992K, reserved 1048576K
GC Heap History (10 events):
Event: 16.556 GC heap before
{Heap before GC invocations=7 (full 0):
 garbage-first heap   total 157696K, used 50912K [0x0000000081400000, 0x0000000100000000)
  region size 1024K, 23 young (23552K), 5 survivors (5120K)
 Metaspace       used 30495K, capacity 31383K, committed 31612K, reserved 1077248K
  class space    used 3771K, capacity 4142K, committed 4224K, reserved 1048576K
}
Event: 16.575 GC heap after
{Heap after GC invocations=8 (full 0):
 garbage-first heap   total 157696K, used 31880K [0x0000000081400000, 0x0000000100000000)
  region size 1024K, 6 young (6144K), 6 survivors (6144K)
 Metaspace       used 30495K, capacity 31383K, committed 31612K, reserved 1077248K
  class space    used 3771K, capacity 4142K, committed 4224K, reserved 1048576K
}
Event: 17.214 GC heap before
{Heap before GC invocations=9 (full 0):
 garbage-first heap   total 157696K, used 90248K [0x0000000081400000, 0x0000000100000000)
  region size 1024K, 7 young (7168K), 6 survivors (6144K)
 Metaspace       used 30508K, capacity 31395K, committed 31612K, reserved 1077248K
  class space    used 3772K, capacity 4144K, committed 4224K, reserved 1048576K
}
Event: 17.227 GC heap after
{Heap after GC invocations=10 (full 0):
 garbage-first heap   total 157696K, used 90429K [0x0000000081400000, 0x0000000100000000)
  region size 1024K, 3 young (3072K), 3 survivors (3072K)
 Metaspace       used 30508K, capacity 31395K, committed 31612K, reserved 1077248K
  class space    used 3772K, capacity 4144K, committed 4224K, reserved 1048576K
}
Event: 20.072 GC heap before
{Heap before GC invocations=11 (full 0):
 garbage-first heap   total 157696K, used 94525K [0x0000000081400000, 0x0000000100000000)
  region size 1024K, 7 young (7168K), 3 survivors (3072K)
 Metaspace       used 30968K, capacity 31948K, committed 32124K, reserved 1077248K
  class space    used 3797K, capacity 4208K, committed 4224K, reserved 1048576K
}
Event: 20.081 GC heap after
{Heap after GC invocations=12 (full 0):
 garbage-first heap   total 157696K, used 92305K [0x0000000081400000, 0x0000000100000000)
  region size 1024K, 2 young (2048K), 2 survivors (2048K)
 Metaspace       used 30968K, capacity 31948K, committed 32124K, reserved 1077248K
  class space    used 3797K, capacity 4208K, committed 4224K, reserved 1048576K
}
Event: 25.307 GC heap before
{Heap before GC invocations=13 (full 0):
 garbage-first heap   total 157696K, used 116881K [0x0000000081400000, 0x0000000100000000)
  region size 1024K, 24 young (24576K), 2 survivors (2048K)
 Metaspace       used 34240K, capacity 35701K, committed 35964K, reserved 1081344K
  class space    used 4297K, capacity 4894K, committed 4992K, reserved 1048576K
}
Event: 25.320 GC heap after
{Heap after GC invocations=14 (full 0):
 garbage-first heap   total 157696K, used 99791K [0x0000000081400000, 0x0000000100000000)
  region size 1024K, 3 young (3072K), 3 survivors (3072K)
 Metaspace       used 34240K, capacity 35701K, committed 35964K, reserved 1081344K
  class space    used 4297K, capacity 4894K, committed 4992K, reserved 1048576K
}
Event: 25.741 GC heap before
{Heap before GC invocations=14 (full 0):
 garbage-first heap   total 157696K, used 105935K [0x0000000081400000, 0x0000000100000000)
  region size 1024K, 10 young (10240K), 3 survivors (3072K)
 Metaspace       used 34483K, capacity 35896K, committed 36220K, reserved 1081344K
  class space    used 4299K, capacity 4895K, committed 4992K, reserved 1048576K
}
Event: 25.762 GC heap after
{Heap after GC invocations=15 (full 0):
 garbage-first heap   total 157696K, used 102755K [0x0000000081400000, 0x0000000100000000)
  region size 1024K, 3 young (3072K), 3 survivors (3072K)
 Metaspace       used 34483K, capacity 35896K, committed 36220K, reserved 1081344K
  class space    used 4299K, capacity 4895K, committed 4992K, reserved 1048576K
}

